No GPU/TPU found, falling back to CPU. (Set TF_CPP_MIN_LOG_LEVEL=0 and rerun for more info.)
posx and posy should be finite values
0/5 [>                                                  ]1/5 [==========>                                        ]2/5 [====================>                              ]3/5 [==============================>                    ]4/5 [========================================>          ]17.118s
regularization value selected = {lbd_selection}
0/1 [>                                                  ]{'mu1': 0.4557206630706787, 'mu2': 49.41118061542511, 'mu3': 2.451697289943695, 'gamma2_1': 0.00022865483164787292, 'gamma2_2': 1.9712378978729248, 'sigma2': 9.674562215805054e-05, 'alpha': 4.40418004989624, 'beta': array([ 0.573, -0.293, -0.396, ...,  0.482,  0.695, -0.577])}
Traceback (most recent call last):
  File "/home/acaillebotte/sdg4varselect/joint_model/multi_run.py", line 106, in <module>
    solver_list, res_list, res_select_list = multi_estim(n_run, jrd.PRNGKey(0), verbatim = False)
  File "/home/acaillebotte/sdg4varselect/joint_model/multi_run.py", line 61, in multi_estim
    res_list[i], solver_list[i], prng_key = sample_and_estim(
  File "/home/acaillebotte/sdg4varselect/joint_model/one_run.py", line 74, in sample_and_estim
    res = estim(solver)
  File "/home/acaillebotte/sdg4varselect/joint_model/one_run.py", line 51, in estim
    return solver.stochastic_gradient(
  File "/home/acaillebotte/sdg4varselect/sdg4varselect/algorithm.py", line 85, in new_algorithm
    out = func(self, *args, **kwargs)
  File "/home/acaillebotte/sdg4varselect/sdg4varselect/algorithm.py", line 367, in stochastic_gradient
    res = list(itertools.islice(GD(jac, grad, fisher_info), niter))
  File "/home/acaillebotte/sdg4varselect/sdg4varselect/algorithm.py", line 353, in GD
    self._theta_reals1d = self.proximal_operator(
  File "/home/acaillebotte/sdg4varselect/sdg4varselect/algorithm.py", line 232, in proximal_operator
    prox(self.theta_reals1d, stepsize, lbd, alpha),
  File "/home/acaillebotte/.cache/pypoetry/virtualenvs/sdg4varselect-UlalEbUl-py3.9/lib/python3.9/site-packages/jax/_src/traceback_util.py", line 162, in reraise_with_filtered_traceback
    return fun(*args, **kwargs)
  File "/home/acaillebotte/.cache/pypoetry/virtualenvs/sdg4varselect-UlalEbUl-py3.9/lib/python3.9/site-packages/jax/_src/api.py", line 622, in cache_miss
    execute = dispatch._xla_call_impl_lazy(fun_, *tracers, **params)
  File "/home/acaillebotte/.cache/pypoetry/virtualenvs/sdg4varselect-UlalEbUl-py3.9/lib/python3.9/site-packages/jax/_src/dispatch.py", line 241, in _xla_call_impl_lazy
    return xla_callable(fun, device, backend, name, donated_invars, keep_unused,
  File "/home/acaillebotte/.cache/pypoetry/virtualenvs/sdg4varselect-UlalEbUl-py3.9/lib/python3.9/site-packages/jax/linear_util.py", line 303, in memoized_fun
    ans = call(fun, *args)
  File "/home/acaillebotte/.cache/pypoetry/virtualenvs/sdg4varselect-UlalEbUl-py3.9/lib/python3.9/site-packages/jax/_src/dispatch.py", line 357, in _xla_callable_uncached
    computation = sharded_lowering(fun, device, backend, name, donated_invars,
  File "/home/acaillebotte/.cache/pypoetry/virtualenvs/sdg4varselect-UlalEbUl-py3.9/lib/python3.9/site-packages/jax/_src/dispatch.py", line 348, in sharded_lowering
    return pxla.lower_sharding_computation(
  File "/home/acaillebotte/.cache/pypoetry/virtualenvs/sdg4varselect-UlalEbUl-py3.9/lib/python3.9/site-packages/jax/_src/profiler.py", line 314, in wrapper
    return func(*args, **kwargs)
  File "/home/acaillebotte/.cache/pypoetry/virtualenvs/sdg4varselect-UlalEbUl-py3.9/lib/python3.9/site-packages/jax/interpreters/pxla.py", line 2792, in lower_sharding_computation
    jaxpr, global_out_avals, consts = pe.trace_to_jaxpr_final(
  File "/home/acaillebotte/.cache/pypoetry/virtualenvs/sdg4varselect-UlalEbUl-py3.9/lib/python3.9/site-packages/jax/_src/profiler.py", line 314, in wrapper
    return func(*args, **kwargs)
  File "/home/acaillebotte/.cache/pypoetry/virtualenvs/sdg4varselect-UlalEbUl-py3.9/lib/python3.9/site-packages/jax/interpreters/partial_eval.py", line 2065, in trace_to_jaxpr_final
    jaxpr, out_avals, consts = trace_to_subjaxpr_dynamic(
  File "/home/acaillebotte/.cache/pypoetry/virtualenvs/sdg4varselect-UlalEbUl-py3.9/lib/python3.9/site-packages/jax/interpreters/partial_eval.py", line 1998, in trace_to_subjaxpr_dynamic
    ans = fun.call_wrapped(*in_tracers_)
  File "/home/acaillebotte/.cache/pypoetry/virtualenvs/sdg4varselect-UlalEbUl-py3.9/lib/python3.9/site-packages/jax/linear_util.py", line 167, in call_wrapped
    ans = self.f(*args, **dict(self.params, **kwargs))
  File "/home/acaillebotte/sdg4varselect/sdg4varselect/algorithm.py", line 65, in prox
    id_shrink_too_big = theta >= stepsize * lbd * alpha
  File "/home/acaillebotte/.cache/pypoetry/virtualenvs/sdg4varselect-UlalEbUl-py3.9/lib/python3.9/site-packages/jax/core.py", line 599, in __ge__
    def __ge__(self, other): return self.aval._ge(self, other)
  File "/home/acaillebotte/.cache/pypoetry/virtualenvs/sdg4varselect-UlalEbUl-py3.9/lib/python3.9/site-packages/jax/_src/numpy/lax_numpy.py", line 4948, in deferring_binary_op
    return binary_op(*args)
  File "/home/acaillebotte/.cache/pypoetry/virtualenvs/sdg4varselect-UlalEbUl-py3.9/lib/python3.9/site-packages/jax/_src/traceback_util.py", line 162, in reraise_with_filtered_traceback
    return fun(*args, **kwargs)
  File "/home/acaillebotte/.cache/pypoetry/virtualenvs/sdg4varselect-UlalEbUl-py3.9/lib/python3.9/site-packages/jax/_src/api.py", line 626, in cache_miss
    top_trace.process_call(primitive, fun_, tracers, params))
  File "/home/acaillebotte/.cache/pypoetry/virtualenvs/sdg4varselect-UlalEbUl-py3.9/lib/python3.9/site-packages/jax/interpreters/partial_eval.py", line 1739, in process_call
    jaxpr, out_type, consts = trace_to_subjaxpr_dynamic2(f, self.main, debug_info=dbg)
  File "/home/acaillebotte/.cache/pypoetry/virtualenvs/sdg4varselect-UlalEbUl-py3.9/lib/python3.9/site-packages/jax/interpreters/partial_eval.py", line 2027, in trace_to_subjaxpr_dynamic2
    ans = fun.call_wrapped(*in_tracers_)
  File "/home/acaillebotte/.cache/pypoetry/virtualenvs/sdg4varselect-UlalEbUl-py3.9/lib/python3.9/site-packages/jax/linear_util.py", line 167, in call_wrapped
    ans = self.f(*args, **dict(self.params, **kwargs))
  File "/home/acaillebotte/.cache/pypoetry/virtualenvs/sdg4varselect-UlalEbUl-py3.9/lib/python3.9/site-packages/jax/_src/numpy/ufuncs.py", line 118, in fn
    return lax_fn(x1, x2)
  File "/home/acaillebotte/.cache/pypoetry/virtualenvs/sdg4varselect-UlalEbUl-py3.9/lib/python3.9/site-packages/jax/_src/lax/lax.py", line 521, in ge
    return ge_p.bind(x, y)
  File "/home/acaillebotte/.cache/pypoetry/virtualenvs/sdg4varselect-UlalEbUl-py3.9/lib/python3.9/site-packages/jax/core.py", line 329, in bind
    return self.bind_with_trace(find_top_trace(args), args, params)
  File "/home/acaillebotte/.cache/pypoetry/virtualenvs/sdg4varselect-UlalEbUl-py3.9/lib/python3.9/site-packages/jax/core.py", line 332, in bind_with_trace
    out = trace.process_primitive(self, map(trace.full_raise, args), params)
  File "/home/acaillebotte/.cache/pypoetry/virtualenvs/sdg4varselect-UlalEbUl-py3.9/lib/python3.9/site-packages/jax/interpreters/partial_eval.py", line 1713, in process_primitive
    return self.default_process_primitive(primitive, tracers, params)
  File "/home/acaillebotte/.cache/pypoetry/virtualenvs/sdg4varselect-UlalEbUl-py3.9/lib/python3.9/site-packages/jax/interpreters/partial_eval.py", line 1717, in default_process_primitive
    out_avals, effects = primitive.abstract_eval(*avals, **params)
  File "/home/acaillebotte/.cache/pypoetry/virtualenvs/sdg4varselect-UlalEbUl-py3.9/lib/python3.9/site-packages/jax/core.py", line 365, in abstract_eval_
    return abstract_eval(*args, **kwargs), no_effects
  File "/home/acaillebotte/.cache/pypoetry/virtualenvs/sdg4varselect-UlalEbUl-py3.9/lib/python3.9/site-packages/jax/_src/lax/utils.py", line 66, in standard_abstract_eval
    return core.ShapedArray(shape_rule(*avals, **kwargs),
  File "/home/acaillebotte/.cache/pypoetry/virtualenvs/sdg4varselect-UlalEbUl-py3.9/lib/python3.9/site-packages/jax/_src/lax/lax.py", line 1565, in broadcasting_shape_rule
    raise TypeError(f'{name} got incompatible shapes for broadcasting: '
jax._src.traceback_util.UnfilteredStackTrace: TypeError: ge got incompatible shapes for broadcasting: (1007,), (0,).

The stack trace below excludes JAX-internal frames.
The preceding is the original exception that occurred, unmodified.

--------------------

The above exception was the direct cause of the following exception:

Traceback (most recent call last):
  File "/home/acaillebotte/sdg4varselect/joint_model/multi_run.py", line 106, in <module>
    solver_list, res_list, res_select_list = multi_estim(n_run, jrd.PRNGKey(0), verbatim = False)
  File "/home/acaillebotte/sdg4varselect/joint_model/multi_run.py", line 61, in multi_estim
    res_list[i], solver_list[i], prng_key = sample_and_estim(
  File "/home/acaillebotte/sdg4varselect/joint_model/one_run.py", line 74, in sample_and_estim
    res = estim(solver)
  File "/home/acaillebotte/sdg4varselect/joint_model/one_run.py", line 51, in estim
    return solver.stochastic_gradient(
  File "/home/acaillebotte/sdg4varselect/sdg4varselect/algorithm.py", line 85, in new_algorithm
    out = func(self, *args, **kwargs)
  File "/home/acaillebotte/sdg4varselect/sdg4varselect/algorithm.py", line 367, in stochastic_gradient
    res = list(itertools.islice(GD(jac, grad, fisher_info), niter))
  File "/home/acaillebotte/sdg4varselect/sdg4varselect/algorithm.py", line 353, in GD
    self._theta_reals1d = self.proximal_operator(
  File "/home/acaillebotte/sdg4varselect/sdg4varselect/algorithm.py", line 232, in proximal_operator
    prox(self.theta_reals1d, stepsize, lbd, alpha),
  File "/home/acaillebotte/sdg4varselect/sdg4varselect/algorithm.py", line 65, in prox
    id_shrink_too_big = theta >= stepsize * lbd * alpha
  File "/home/acaillebotte/.cache/pypoetry/virtualenvs/sdg4varselect-UlalEbUl-py3.9/lib/python3.9/site-packages/jax/_src/numpy/lax_numpy.py", line 4948, in deferring_binary_op
    return binary_op(*args)
  File "/home/acaillebotte/.cache/pypoetry/virtualenvs/sdg4varselect-UlalEbUl-py3.9/lib/python3.9/site-packages/jax/_src/numpy/ufuncs.py", line 118, in fn
    return lax_fn(x1, x2)
TypeError: ge got incompatible shapes for broadcasting: (1007,), (0,).
