No GPU/TPU found, falling back to CPU. (Set TF_CPP_MIN_LOG_LEVEL=0 and rerun for more info.)
posx and posy should be finite values
 0/10 [>                                                  ]
 1/10 [=====>                                             ]
 2/10 [==========>                                        ]
 3/10 [===============>                                   ]
 4/10 [====================>                              ]
 5/10 [=========================>                         ]
 6/10 [==============================>                    ]
 7/10 [===================================>               ]
 8/10 [========================================>          ]
 9/10 [=============================================>     ]
27.750s
{'bic': array([nan, nan, nan, nan, nan, nan, nan, nan, nan, nan], dtype=float32), 'min': nan}
Traceback (most recent call last):
  File "/home/acaillebotte/sdg4varselect/joint_model/multi_run.py", line 101, in <module>
    lbd_selection = lbd_set[bic_res["bic"] == bic_res["min"]][0]
  File "/home/acaillebotte/.cache/pypoetry/virtualenvs/sdg4varselect-UlalEbUl-py3.9/lib/python3.9/site-packages/jax/_src/array.py", line 261, in __getitem__
    return lax_numpy._rewriting_take(self, idx)
  File "/home/acaillebotte/.cache/pypoetry/virtualenvs/sdg4varselect-UlalEbUl-py3.9/lib/python3.9/site-packages/jax/_src/numpy/lax_numpy.py", line 3828, in _rewriting_take
    return _gather(arr, treedef, static_idx, dynamic_idx, indices_are_sorted,
  File "/home/acaillebotte/.cache/pypoetry/virtualenvs/sdg4varselect-UlalEbUl-py3.9/lib/python3.9/site-packages/jax/_src/numpy/lax_numpy.py", line 3837, in _gather
    indexer = _index_to_gather(shape(arr), idx)  # shared with _scatter_update
  File "/home/acaillebotte/.cache/pypoetry/virtualenvs/sdg4varselect-UlalEbUl-py3.9/lib/python3.9/site-packages/jax/_src/numpy/lax_numpy.py", line 4036, in _index_to_gather
    raise IndexError(f"index is out of bounds for axis {x_axis} with size 0")
IndexError: index is out of bounds for axis 0 with size 0
