No GPU/TPU found, falling back to CPU. (Set TF_CPP_MIN_LOG_LEVEL=0 and rerun for more info.)
regularization value selected = 0.26
0/2 [>                                                  ]{'mu1': 0.4557206630706787, 'mu2': 49.41118061542511, 'mu3': 2.451697289943695, 'gamma2_1': 0.00022865483164787292, 'gamma2_2': 1.9712378978729248, 'sigma2': 9.674562215805054e-05, 'alpha': 4.40418004989624, 'beta': array([ 0.528, -0.89 , -0.773,  0.202, -0.926, -0.048, -0.14 ,  0.366,
       -0.441,  0.735,  0.622,  0.239, -0.963, -0.711,  0.992, -0.314,
       -0.814,  0.071,  0.916,  0.451, -0.152, -0.918,  0.745, -0.097,
       -0.617, -0.053, -0.309,  0.408, -0.644,  0.667,  0.162, -0.75 ,
       -0.837,  0.939, -0.756, -0.193, -0.291, -0.39 ,  0.608, -0.519,
        0.893,  0.789,  0.819, -0.476,  0.143, -0.513, -0.79 ,  0.236,
       -0.678,  0.919,  0.771, -0.45 , -0.222,  0.727, -0.847, -0.306,
        0.539, -0.003, -0.908,  0.366,  0.812,  0.246,  0.959, -0.838,
        0.625, -0.687, -0.67 , -0.606,  0.766,  0.872,  0.259, -0.773,
       -0.211,  0.521,  0.13 ,  0.07 , -0.85 ,  0.968,  0.537,  0.566,
       -0.72 ,  0.041, -0.066, -0.15 , -0.453,  0.352,  0.315, -0.306,
        0.674,  0.761, -0.306,  0.083,  0.053,  0.886, -0.267, -0.959,
       -0.392, -0.353,  0.824,  0.814])}
1/2 [=========================>                         ]{'mu1': 0.47155845165252686, 'mu2': 40.41270911693573, 'mu3': 2.442795753479004, 'gamma2_1': 0.00023398101329803468, 'gamma2_2': 1.7494229078292847, 'sigma2': 8.229098320007325e-05, 'alpha': 4.667408466339111, 'beta': array([ 0.644,  0.481, -0.149, -0.412,  0.923,  0.45 , -0.998, -0.551,
        0.019, -0.097,  0.823, -0.088, -0.949, -0.46 , -0.517,  0.27 ,
        0.04 , -0.222, -0.312,  0.922, -0.7  , -0.925, -0.751,  0.379,
        0.913, -0.554, -0.203, -0.75 ,  0.262,  0.962,  0.843, -0.081,
       -0.344, -0.773,  0.835,  0.777,  0.077, -0.858,  0.493, -0.841,
        0.047,  0.82 , -0.231, -0.684, -0.994,  0.16 , -0.977,  0.919,
       -0.455,  0.126,  0.056, -0.886, -0.933, -0.6  , -0.406,  0.294,
        0.029,  0.112,  0.014,  0.856,  0.81 , -0.94 ,  0.488, -0.042,
       -0.81 , -0.533, -0.21 , -0.55 ,  0.737,  0.537, -0.628,  0.966,
        0.733,  0.286,  0.484,  0.106,  0.876,  0.724, -0.946,  0.503,
       -0.463,  0.041, -0.523,  0.145,  0.904, -0.835,  0.971,  0.338,
        0.311, -0.031,  0.353, -0.252,  0.553,  0.193,  0.772,  0.13 ,
       -0.687,  0.234,  0.176, -0.039])}
39.634s
ended !!
