No GPU/TPU found, falling back to CPU. (Set TF_CPP_MIN_LOG_LEVEL=0 and rerun for more info.)
regularization value selected = 0.29
0/2 [>                                                  ]{'mu1': 0.4557206630706787, 'mu2': 49.41118061542511, 'mu3': 2.451697289943695, 'gamma2_1': 0.00022865483164787292, 'gamma2_2': 1.9712378978729248, 'sigma2': 9.674562215805054e-05, 'alpha': 4.40418004989624, 'beta': array([ 0.944, -0.031,  0.585, -0.862,  0.455,  0.411,  0.541, -0.651,
        0.691,  0.522, -0.691, -0.867, -0.848, -0.913, -0.441,  0.153,
       -0.677, -0.976, -0.442, -0.324,  0.934,  0.283,  0.75 ,  0.554,
       -0.082, -0.979,  0.373, -0.316,  0.924, -0.079, -0.348, -0.189,
        0.612, -0.031,  0.406, -0.502,  0.397, -0.909, -0.1  , -0.701,
        0.906, -0.493, -0.664, -0.449,  0.954, -0.454,  0.31 ,  0.935,
       -0.913, -0.624,  0.054,  0.022,  0.848, -0.603,  0.815, -0.015,
       -0.869, -0.575,  0.317,  0.589, -0.561,  0.794, -0.854,  0.611,
        0.276,  0.558, -0.954,  0.63 ,  0.451,  0.259, -0.187,  0.773,
        0.419,  0.529,  0.639,  0.767, -0.093, -0.854,  0.848, -0.816,
        0.048,  0.457,  0.881,  0.337,  0.443, -0.51 , -0.865, -0.791,
       -0.219,  0.256,  0.721,  0.276,  0.061, -0.805,  0.642,  0.764,
       -0.703,  0.46 ,  0.235,  0.24 ])}
1/2 [=========================>                         ]{'mu1': 0.47155845165252686, 'mu2': 40.41270911693573, 'mu3': 2.442795753479004, 'gamma2_1': 0.00023398101329803468, 'gamma2_2': 1.7494229078292847, 'sigma2': 8.229098320007325e-05, 'alpha': 4.667408466339111, 'beta': array([ 0.792, -0.732, -0.19 ,  0.043, -0.836, -0.903,  0.262, -0.228,
       -0.143,  0.807, -0.959, -0.932,  0.407,  0.292, -0.152, -0.194,
       -0.638,  0.166, -0.444,  0.302, -0.116,  0.177,  0.242,  0.189,
        0.512,  0.57 , -0.163,  0.034, -0.229, -0.13 ,  0.701,  0.453,
        0.644,  0.673,  0.963,  0.414,  0.125,  0.444, -0.383,  0.781,
       -0.465,  0.793, -0.624, -0.274,  0.075,  0.414, -0.957,  0.818,
       -0.906,  0.19 ,  0.619, -0.439,  0.829, -0.26 ,  0.913,  0.048,
       -0.729, -0.997,  0.381, -0.432, -0.734,  0.237, -0.211, -0.763,
        0.778,  0.418, -0.445,  0.726,  0.248, -0.606, -0.041,  0.94 ,
       -0.666, -0.62 , -0.531, -0.521, -0.315,  0.423,  0.09 ,  0.904,
       -0.019,  0.108,  0.976, -0.915, -0.313, -0.611, -0.052,  0.903,
        0.952, -0.204,  0.569, -0.83 , -0.786,  0.797,  0.691, -0.504,
       -0.054, -0.362,  0.433, -0.214])}
40.200s
ended !!
