No GPU/TPU found, falling back to CPU. (Set TF_CPP_MIN_LOG_LEVEL=0 and rerun for more info.)
regularization value selected = 0.3
0/2 [>                                                  ]{'mu1': 0.4557206630706787, 'mu2': 49.41118061542511, 'mu3': 2.451697289943695, 'gamma2_1': 0.00022865483164787292, 'gamma2_2': 1.9712378978729248, 'sigma2': 9.674562215805054e-05, 'alpha': 4.40418004989624, 'beta': array([ 0.713,  0.758,  0.234,  0.692,  0.579, -0.625, -0.924, -0.159,
       -0.438,  0.546, -0.44 ,  0.932, -0.241,  0.589,  0.862, -0.377,
        0.003, -0.539,  0.665, -0.79 , -0.133, -0.619, -0.979,  0.602,
       -0.931,  0.837, -0.462,  0.08 ,  0.476,  0.109,  0.727, -0.45 ,
        0.047, -0.553, -0.583, -0.926,  0.138,  0.635,  0.234, -0.875,
        0.082,  0.068, -0.833, -0.401,  0.241,  0.181,  0.847,  0.722,
       -0.082,  0.713,  0.256, -0.768,  0.942, -0.839,  0.358, -0.128,
        0.251, -0.953,  0.373,  0.184,  0.964,  0.908,  0.012, -0.131,
        0.445, -0.533,  0.397,  0.084,  0.4  ,  0.778, -0.552, -0.405,
       -0.955,  0.438, -0.628,  0.171, -0.472,  0.547, -0.545,  0.041,
        0.311, -0.621, -0.379, -0.695,  0.376,  0.835, -0.383,  0.52 ,
        0.098,  0.203, -0.532, -0.534,  0.73 ,  0.748,  0.675,  0.785,
       -0.685, -0.188, -0.713, -0.562])}
1/2 [=========================>                         ]{'mu1': 0.47155845165252686, 'mu2': 40.41270911693573, 'mu3': 2.442795753479004, 'gamma2_1': 0.00023398101329803468, 'gamma2_2': 1.7494229078292847, 'sigma2': 8.229098320007325e-05, 'alpha': 4.667408466339111, 'beta': array([-0.383, -0.919,  0.116, -0.938, -0.019,  0.191,  0.932,  0.258,
       -0.752, -0.161, -0.036,  0.813,  0.116, -0.905, -0.25 , -0.038,
        0.949,  0.343, -0.702,  0.357, -0.391, -0.565,  0.373,  0.235,
       -0.188,  0.398, -0.376, -0.365,  0.559, -0.258,  0.997, -0.029,
        0.016,  0.237,  0.839, -0.354,  0.833, -0.639, -0.605,  0.332,
        0.803, -0.746, -0.414,  0.88 ,  0.105, -0.795,  0.937, -0.099,
       -0.854,  0.704, -0.769,  0.431, -0.541,  0.576, -0.407,  0.586,
        0.878, -0.254, -0.889, -0.643,  0.044,  0.178, -0.83 , -0.261,
       -0.113,  0.172, -0.503,  0.382,  0.438, -0.425,  0.216, -0.997,
       -0.092,  0.149, -0.432, -0.217, -0.736,  0.346, -0.965, -0.868,
        0.083,  0.77 ,  0.383, -0.796, -0.824,  0.788, -0.862,  0.473,
       -0.565, -0.815, -0.282, -0.264, -0.586, -0.489,  0.652, -0.521,
       -0.672,  0.425,  0.524, -0.853])}
43.319s
ended !!
