No GPU/TPU found, falling back to CPU. (Set TF_CPP_MIN_LOG_LEVEL=0 and rerun for more info.)
regularization value selected = 0.28
0/2 [>                                                  ]{'mu1': 0.4557206630706787, 'mu2': 49.41118061542511, 'mu3': 2.451697289943695, 'gamma2_1': 0.00022865483164787292, 'gamma2_2': 1.9712378978729248, 'sigma2': 9.674562215805054e-05, 'alpha': 4.40418004989624, 'beta': array([ 0.709,  0.936,  0.088, -0.762, -0.261, -0.035,  0.03 , -0.735,
       -0.319, -0.252,  0.687, -0.29 ,  0.898,  0.584, -0.297, -0.106,
       -0.452, -0.943,  0.54 ,  0.612, -0.762, -0.008,  0.817,  0.742,
        0.644,  0.042,  0.357, -0.113, -0.94 ,  0.352, -0.809, -0.849,
       -0.571, -0.753, -0.962,  0.991,  0.79 ,  0.844,  0.988, -0.46 ,
       -0.922, -0.288, -0.146, -0.446,  0.255, -0.19 , -0.27 , -0.789,
        0.273,  0.32 , -0.799,  0.553, -0.625,  0.578,  0.307,  0.002,
       -0.152, -0.562,  0.866, -0.145,  0.522, -0.203,  0.612,  0.142,
        0.201,  0.615,  0.989,  0.478,  0.119, -0.981,  0.19 , -0.612,
       -0.235,  0.073,  0.32 ,  0.23 , -0.034,  0.521,  0.096,  0.781,
        0.214, -0.996, -0.232, -0.351, -0.638,  0.302,  0.492, -0.791,
        0.863, -0.719,  0.779, -0.038, -0.112,  0.289,  0.243, -0.484,
        0.137,  0.324,  0.662, -0.052])}
1/2 [=========================>                         ]{'mu1': 0.47155845165252686, 'mu2': 40.41270911693573, 'mu3': 2.442795753479004, 'gamma2_1': 0.00023398101329803468, 'gamma2_2': 1.7494229078292847, 'sigma2': 8.229098320007325e-05, 'alpha': 4.667408466339111, 'beta': array([ 0.35 , -0.325, -0.379,  0.947,  0.565, -0.786, -0.411, -0.208,
       -0.118, -0.915, -0.61 , -0.175,  0.059, -0.244, -0.211,  0.083,
        0.71 ,  0.832,  0.683,  0.262, -0.91 , -0.496,  0.443,  0.727,
       -0.826,  0.117,  0.813, -0.451,  0.315, -0.185,  0.155, -0.989,
       -0.131, -0.48 , -0.968, -0.836, -0.63 ,  0.541, -0.32 , -0.941,
       -0.346,  0.754,  0.769, -0.902,  0.38 ,  0.748, -0.419, -0.245,
        0.1  ,  0.114, -0.484, -0.704, -0.828,  0.977, -0.251,  0.073,
       -0.831, -0.768, -0.159,  0.804, -0.522,  0.405,  0.698, -0.296,
       -0.369,  0.862, -0.69 , -0.526,  0.961, -0.416,  0.415,  0.008,
       -0.894, -0.918, -0.525,  0.093, -0.771,  0.558,  0.448, -0.698,
       -0.169,  0.508, -0.137,  0.833, -0.989, -0.807, -0.758, -0.228,
       -0.989, -0.024, -0.428,  0.562, -0.398, -0.674,  0.504,  0.326,
       -0.18 , -0.832,  0.338, -0.688])}
42.495s
ended !!
